0.495728
0.485383
0.478472
0.506217
0.572862
0.50233
0.501893
0.498185
0.491907
0.466109
0.448923
0.515152
0.51214
0.55384
0.503048
0.455252
0.508587
0.482876
0.496795
0.535655
0.513374
0.52068
0.507619
0.461969
0.466146
0.50375
0.502852
0.506709
0.493549
0.485622
0.493712
0.486822
0.517769
0.543926
0.56838
0.480274
0.454138
0.536503
0.514133
0.521705
0.557805
0.516594
0.458545
0.45714
0.509459
0.43708
0.479748
0.51777
0.510129
0.513795
0.485754
0.462788
0.475035
0.517892
0.522844
0.551293
0.526503
0.50728
0.503014
0.453251
0.505953
0.507117
0.480487
0.459528
0.534931
0.479371
0.487289
0.500972
0.535224
0.451437
0.477883
0.456571
0.518021
0.583821
0.492865
0.510663
0.572145
0.516889
0.501733
0.499216
0.511344
0.50667
0.444703
0.515166
0.460651
0.509732
0.5236
0.512817
0.481794
0.497108
0.511802
0.571309
0.507682
0.497301
0.533258
0.467143
0.455945
0.538333
0.510557
0.525771
